
ROM used:   2550/8192 (31%)
            2554/8192 (31%) including unused fragments

            0.7 Average locations per line
            7.2 Average locations per statement

RAM used:   25/368 (7%) at main() level
            169/368 (46%) worst case

Stack used: 0 worst case (0 in main + 0 for interrupts)
Stack size: 8

Lines Stmts  %   Files
----- ----- ---  -----
   20    14   4  final.c
  205   123  35  final.h
  708     0   0  ..\..\..\..\..\..\Program Files (x86)\PICC\Devices\16F877A.h
  249    88  25  lcd.h
 2228     0   0  ..\..\..\..\..\..\Program Files (x86)\PICC\Drivers\math.h
  435   129  36  ..\..\..\..\..\..\Program Files (x86)\PICC\Drivers\string.h
   32     0   0  ..\..\..\..\..\..\Program Files (x86)\PICC\Drivers\stddef.h
   28     0   0  ..\..\..\..\..\..\Program Files (x86)\PICC\Drivers\ctype.h
----- -----
 3905   354 Total

Page ROM  %  RAM    Vol Diff  Functions:
---- --- --- ---    --- ----  ----------
0     31   1    4             @SFTOI
0     29   1    2             @ITOF
 Inline        13             @MULFF
0    321  13   16             @ADDFF
0    202   8   14             @DIVFF
0     20   1    1             @delay_ms2
0      8   0    0             @const863
0     68   3    2    594  4.3  lcd_init
 Inline         3    620  3.8  lcd_read_byte
0     51   2    2    204  3.2  lcd_read_nibble
0     93   4    3    313  3.4  lcd_send_byte
0     56   2    1    336  1.9  lcd_send_nibble
0     37   1    4    335  5.5  lcd_gotoxy
0     48   2    1    381  3.6  lcd_putc
 Inline         5    129  4.6  strlen
 Inline         4    127  3.1  float_to_ng_2so_tp
 Inline         5    256  4.6  main_adc_read
0    382  15    4    143  2.2  doc_value_lm35
 Inline         1    216  3.6  xuly_alarm
0    191   7    4    526  4.7  hienthi_lcd
0      4   0    0             @const987
0    116   5    4             @PSTRINGC7_860
0      1   0    0             @const992
0     37   1    5             @DIV1616
0    301  12  131    771  7.9  hienthi_thongtin
0      1   0    0             @const1003
1     90   4    1    331  3.2  hienthi_gioihan
0      4   0    0             @const1005
1     95   4    5             @PSTRINGCN7_860
1     21   1    3             @DIV88
1    103   4    6             @PRINTF_D_860
0      4   0    0             @const1014
0      2   0    0             @const1015
0      2   0    0             @const1016
 Inline         1    250  4.9  ktra_up
 Inline         1    250  4.9  ktra_dw
 Inline         1    253  4.0  ktra_ok
1    111   4    0     31  1.1  ktra_nutnhan
0     30   1    1     67  1.2  start
1     86   3    0    240  2.2  MAIN
0      1   0    0             @const1025
 Inline         0             @cinit1

Program metrics:
    Functions               21
    Statements              354
    Comments                447
    Volume (V)              11482
    Difficulty (D)          75.7
    Effort to implement (E) 868651
    Time to implement (T)   13 hours, 24 minutes
    Est Delivered Bugs (B)  3
    Cyclomatic Complexity   33
    Maintainability (MI)    130

 Segment     Used  Free
-----------  ----  ----
00000-00003     4  0  
00004-007FF  2040  4  
00800-00FFF   506  1542  
01000-017FF     0  2048  
01800-01FFF     0  2048  



