
ROM used:   1532/131072 (1%)
            1532/131072 (1%) including unused fragments

            0.3 Average locations per line
            1.4 Average locations per statement

RAM used:   87/3936 (2%) at main() level
            107/3936 (3%) worst case

Stack used: 4 worst case (3 in main + 1 for interrupts)
Stack size: 31

Lines Stmts  %   Files
----- ----- ---  -----
   98    65   6  bai_428_touch_dinh_thoi_2so.c
   24     0   0  tv_kit_vdk_18f6722_all.c
  133     0   0  tv_01_18f6722_define.c
  912     0   0  ..\..\..\..\Program Files (x86)\PICC\Devices\18f6722.h
  430   105   9  tv_02_18f6722_mbi.c
  385   148  13  tv_03_18f6722_key.c
 2229   257  23  ..\..\..\..\Program Files (x86)\PICC\Drivers\math.h
  154    63   6  tv_04_18f6722_8led_7doan.c
  422   199  18  tv_05_18f6722_lcd.c
  127    45   4  tv_05_i2c_ds13_pcf.c
   55    23   2  tv_06_18f6722_adc.c
   49    27   2  tv_09_i2c_at24cxx.c
   80    40   4  tv_ds18b20.c
  230    54   5  ..\..\..\..\Program Files (x86)\PICC\Drivers\touch.c
   64    35   3  tv_dht11.c
   40    38   3  tv_rotary_encoder.c
   30    18   2  tv_HX711.c
----- -----
 5462  1117 Total

Page ROM  %  RAM    Vol Diff  Functions:
---- --- --- ---    --- ----  ----------
0     38   1    1             @delay_ms1
0     36   1    0             @const725
0    124   4    0    629  2.4  set_up_port
0     28   1    4     57  1.6  xuat_1word
0     22   1    0     48  1.1  xuat_rbdc
0     44   1    3    106  2.1  xuat_lcd
0     44   1    3    106  2.1  xuat_glcd
0     52   2    0    152  1.8  xuat_3led_matran
0     56   2    2    162  4.4  xuat_8led_7doan
0     30   1    4    104  2.0  xuat_32led_don_2word
0     32   1    0    121  1.7  xoa_tat_ca_cac_module
0     36   1    9    120  2.8  xuat_32led_don_1dw
0     60   2    2    278  4.7  key_tip229
0     56   2    2    279  4.8  key_tip229_cdoi_c2
0    124   4    6    305  5.1  giaima_bin_2so_vitri_vn
0     40   1    3             @DIV88
0      2   0    0             @const1134
0     10   0    0             @const1217
0     22   1    0             @const1219
0     16   1    0     29  1.2  timer3_ct_con_ngat
0     20   1    1     78  2.5  timer3_xung_noi_on
0     16   1    1     66  2.0  timer3_xung_noi_off
0     46   2    1    240  4.1  h428_dem_giay_dinh_thoi_timer3
0     34   1    0    149  2.6  h428_hien_thi_dinh_thoi_giay_2so
0    142   5    1    954  7.3  h428_cai_giay_dinh_thoi_2so
0     10   0    0     31  1.1  b428_dinh_thoi_giay_2so
0    206   7    0    117  2.1  MAIN
 Inline         0             @cinit1

Program metrics:
    Functions               21
    Statements              1117
    Comments                1138
    Volume (V)              7423
    Difficulty (D)          60.2
    Effort to implement (E) 446549
    Time to implement (T)   6 hours, 53 minutes
    Est Delivered Bugs (B)  2
    Cyclomatic Complexity   18
    Maintainability (MI)    30

 Segment     Used  Free
-----------  ----  ----
00000-00002     4  0  
00004-00006     0  4  
00008-000BC   182  0  
000BE-0FFFE  1346  64000  
10000-1FFFE     0  65536  



