
ROM used:   1032/131072 (1%)
            1032/131072 (1%) including unused fragments

            0.2 Average locations per line
            1.0 Average locations per statement

RAM used:   61/3936 (2%) at main() level
            80/3936 (2%) worst case

Stack used: 4 worst case (4 in main + 0 for interrupts)
Stack size: 31

Lines Stmts  %   Files
----- ----- ---  -----
   18    11   1  bai_502_lcd_ht_2hang_dich_trai.c
   24     0   0  tv_kit_vdk_18f6722_all.c
  133     0   0  tv_01_18f6722_define.c
  912     0   0  ..\..\..\..\Program Files (x86)\PICC\Devices\18f6722.h
  430   105  10  tv_02_18f6722_mbi.c
  385   148  14  tv_03_18f6722_key.c
 2229   257  24  ..\..\..\..\Program Files (x86)\PICC\Drivers\math.h
  154    63   6  tv_04_18f6722_8led_7doan.c
  422   199  19  tv_05_18f6722_lcd.c
  127    45   4  tv_05_i2c_ds13_pcf.c
   55    23   2  tv_06_18f6722_adc.c
   49    27   3  tv_09_i2c_at24cxx.c
   80    40   4  tv_ds18b20.c
  230    54   5  ..\..\..\..\Program Files (x86)\PICC\Drivers\touch.c
   64    35   3  tv_dht11.c
   40    38   4  tv_rotary_encoder.c
   30    18   2  tv_HX711.c
----- -----
 5382  1063 Total

Page ROM  %  RAM    Vol Diff  Functions:
---- --- --- ---    --- ----  ----------
0     38   2    1             @delay_ms1
0    124   6    0    629  2.4  set_up_port
0     28   1    4     57  1.6  xuat_1word
0     22   1    0     48  1.1  xuat_rbdc
0     42   2    3    106  2.1  xuat_lcd
0     44   2    3    106  2.1  xuat_glcd
0     52   3    0    152  1.8  xuat_3led_matran
0     58   3    2    162  4.4  xuat_8led_7doan
0     32   2    4    104  2.0  xuat_32led_don_2word
0     32   2    0    121  1.7  xoa_tat_ca_cac_module
0     38   2    1    123  2.2  lcd_xuat_8bit
0     10   0    1     43  1.5  lcd_command
0     12   1    1     43  1.5  lcd_data
0     72   3    0    310  2.3  lcd_setup
0     24   1    0             @const1020
0     16   1    3    145  3.9  lcd_goto_xy
0      2   0    0             @const1134
0     40   2    3             @PSTRINGC_1013
0     10   0    0             @const1217
0     22   1    0             @const1219
0    266  13    1    209  2.2  MAIN
0     22   1    0             @const1236
0     22   1    0             @const1237
 Inline         0             @cinit1

Program metrics:
    Functions               15
    Statements              1063
    Comments                1138
    Volume (V)              4186
    Difficulty (D)          32.4
    Effort to implement (E) 135581
    Time to implement (T)   2 hours, 6 minutes
    Est Delivered Bugs (B)  1
    Cyclomatic Complexity   1
    Maintainability (MI)    113

 Segment     Used  Free
-----------  ----  ----
00000-00002     4  0  
00004-0FFFE  1028  64504  
10000-1FFFE     0  65536  



