
ROM used:   1868/131072 (1%)
            1868/131072 (1%) including unused fragments

            0.3 Average locations per line
            1.6 Average locations per statement

RAM used:   88/3936 (2%) at main() level
            108/3936 (3%) worst case

Stack used: 5 worst case (4 in main + 1 for interrupts)
Stack size: 31

Lines Stmts  %   Files
----- ----- ---  -----
  122    84   7  bai_507_lcd_mtp4x4_buzzer_on_off.c
   24     0   0  tv_kit_vdk_18f6722_all.c
  133     0   0  tv_01_18f6722_define.c
  912     0   0  ..\..\..\..\Program Files (x86)\PICC\Devices\18f6722.h
  430   105   9  tv_02_18f6722_mbi.c
  385   148  13  tv_03_18f6722_key.c
 2229   257  23  ..\..\..\..\Program Files (x86)\PICC\Drivers\math.h
  154    63   6  tv_04_18f6722_8led_7doan.c
  422   199  18  tv_05_18f6722_lcd.c
  127    45   4  tv_05_i2c_ds13_pcf.c
   55    23   2  tv_06_18f6722_adc.c
   49    27   2  tv_09_i2c_at24cxx.c
   80    40   4  tv_ds18b20.c
  230    54   5  ..\..\..\..\Program Files (x86)\PICC\Drivers\touch.c
   64    35   3  tv_dht11.c
   40    38   3  tv_rotary_encoder.c
   30    18   2  tv_HX711.c
----- -----
 5486  1136 Total

Page ROM  %  RAM    Vol Diff  Functions:
---- --- --- ---    --- ----  ----------
0     38   1    1             @delay_ms1
0    124   3    0    629  2.4  set_up_port
0     28   1    4     57  1.6  xuat_1word
0     22   1    0     48  1.1  xuat_rbdc
0     42   1    3    106  2.1  xuat_lcd
0     44   1    3    106  2.1  xuat_glcd
0     52   1    0    152  1.8  xuat_3led_matran
0     58   2    2    162  4.4  xuat_8led_7doan
0     30   1    4    104  2.0  xuat_32led_don_2word
0     32   1    0    121  1.7  xoa_tat_ca_cac_module
0     36   1    9    120  2.8  xuat_32led_don_1dw
0     60   2    2    278  4.7  key_tip229
0     56   1    2    279  4.8  key_tip229_cdoi_c2
0     40   1    3             @DIV88
0     38   1    1    123  2.2  lcd_xuat_8bit
0     10   0    1     43  1.5  lcd_command
0     10   0    1     43  1.5  lcd_data
0     72   2    0    310  2.3  lcd_setup
0     24   1    0             @const1020
0     16   0    3    145  3.9  lcd_goto_xy
0      2   0    0             @const1134
0     40   1    3             @PSTRINGC_1013
0     10   0    0             @const1217
0     22   1    0             @const1219
0     16   0    0     29  1.2  timer3_ct_con_ngat
0     20   1    1     78  2.5  timer3_xung_noi_on
0     16   0    1     66  2.0  timer3_xung_noi_off
0     62   2    1    110  1.6  buz
0      4   0    0     80  1.5  @const1247
0      4   0    0    104  2.0  @const1248
0     50   1    1    282  4.1  dem_giay_dinh_thoi_timer3
0    168   4    1    422  3.2  hienthi_lcd
0     18   0    0   1023  7.3  @const1251
0     16   0    0    209  2.3  @const1252
0     16   0    0             @const1253
0    160   4    1   1023  7.3  caidat
0    226   6    0    209  2.3  MAIN
 Inline         0             @cinit1

Program metrics:
    Functions               29
    Statements              1136
    Comments                1138
    Volume (V)              12020
    Difficulty (D)          80.9
    Effort to implement (E) 972939
    Time to implement (T)   15 hours, 1 minutes
    Est Delivered Bugs (B)  3
    Cyclomatic Complexity   24
    Maintainability (MI)    66

 Segment     Used  Free
-----------  ----  ----
00000-00002     4  0  
00004-00006     0  4  
00008-000BC   182  0  
000BE-0FFFE  1682  63664  
10000-1FFFE     0  65536  



