
ROM used:   4228/131072 (3%)
            4228/131072 (3%) including unused fragments

            0.8 Average locations per line
            3.9 Average locations per statement

RAM used:   68/3936 (2%) at main() level
            99/3936 (3%) worst case

Stack used: 6 worst case (6 in main + 0 for interrupts)
Stack size: 31

Lines Stmts  %   Files
----- ----- ---  -----
   55    32   3  bai_605_joystick_lcd_7doan.c
   24     0   0  tv_kit_vdk_18f6722_all.c
  133     0   0  tv_01_18f6722_define.c
  912     0   0  ..\..\..\..\Program Files (x86)\PICC\Devices\18f6722.h
  430   105  10  tv_02_18f6722_mbi.c
  385   148  14  tv_03_18f6722_key.c
 2229   257  24  ..\..\..\..\Program Files (x86)\PICC\Drivers\math.h
  154    63   6  tv_04_18f6722_8led_7doan.c
  422   199  18  tv_05_18f6722_lcd.c
  127    45   4  tv_05_i2c_ds13_pcf.c
   55    23   2  tv_06_18f6722_adc.c
   49    27   2  tv_09_i2c_at24cxx.c
   80    40   4  tv_ds18b20.c
  230    54   5  ..\..\..\..\Program Files (x86)\PICC\Drivers\touch.c
   64    35   3  tv_dht11.c
   40    38   4  tv_rotary_encoder.c
   30    18   2  tv_HX711.c
----- -----
 5419  1084 Total

Page ROM  %  RAM    Vol Diff  Functions:
---- --- --- ---    --- ----  ----------
0     38   0    1             @delay_ms1
0     36   0    0             @const725
0    124   1    0    629  2.4  set_up_port
0     28   0    4     57  1.6  xuat_1word
0     22   0    0     48  1.1  xuat_rbdc
0     42   0    3    106  2.1  xuat_lcd
0     44   1    3    106  2.1  xuat_glcd
0     52   1    0    152  1.8  xuat_3led_matran
0     56   1    2    162  4.4  xuat_8led_7doan
0     32   0    4    104  2.0  xuat_32led_don_2word
0     32   0    0    121  1.7  xoa_tat_ca_cac_module
0     56   1    4             @SFTOI
0     54   1    2             @ITOF
0    244   3   11             @MULFF
0    618   7   16             @ADDFF
0    346   4   14             @DIVFF
0     66   1    5             @DIV1616
0    406   5    8    759  5.4  giaima_bin_4so_vitri_vn
0     38   0    1    123  2.2  lcd_xuat_8bit
0     10   0    1     43  1.5  lcd_command
0     10   0    1     43  1.5  lcd_data
0     72   1    0    310  2.3  lcd_setup
0     24   0    0             @const1020
0     16   0    3    145  3.9  lcd_goto_xy
0     80   1    0             @const1026
0     84   1    0             @const1030
0     34   0    2    131  3.5  lcd_khoi_tao_cgram_so_to
0     90   1    6    280  5.8  lcd_hien_thi_so_to
0     76   1    2             @MUL88
0     56   1    4    241  5.3  lcd_xoa_so_to
0    290   3   11    904  5.7  lcd_gm_ht_4so_to_xvn
0      2   0    0             @const1134
0     40   0    3             @PSTRINGC_1013
0    198   2    7    289  5.5  h601_adc_read
0    218   3    4    130  2.7  float_to_ng_2so_tp
0     10   0    0             @const1217
0     22   0    0             @const1219
0    108   1    8    183  2.3  b605_adc_joystick
0     42   0    0     82  1.6  b605_joystick_ht_7doan
0     86   1    0    200  3.1  b605_joystick_ht_lcd
0    300   4    0    290  2.2  MAIN
0     10   0    0    238  2.2  @const1245
0      6   0    0             @const1246
0      6   0    0             @const1247
 Inline         0             @cinit1

Program metrics:
    Functions               26
    Statements              1084
    Comments                1138
    Volume (V)              10924
    Difficulty (D)          74.9
    Effort to implement (E) 818247
    Time to implement (T)   12 hours, 38 minutes
    Est Delivered Bugs (B)  3
    Cyclomatic Complexity   16
    Maintainability (MI)    42

 Segment     Used  Free
-----------  ----  ----
00000-00002     4  0  
00004-0FFFE  4224  61308  
10000-1FFFE     0  65536  



