
ROM used:   3500/131072 (3%)
            3500/131072 (3%) including unused fragments

            0.6 Average locations per line
            3.2 Average locations per statement

RAM used:   66/3936 (2%) at main() level
            94/3936 (2%) worst case

Stack used: 4 worst case (4 in main + 0 for interrupts)
Stack size: 31

Lines Stmts  %   Files
----- ----- ---  -----
   59    35   3  bai_601_lm35a_lcd_7doan_den_buz_bt3.c
   24     0   0  tv_kit_vdk_18f6722_all.c
  133     0   0  tv_01_18f6722_define.c
  912     0   0  ..\..\..\..\Program Files (x86)\PICC\Devices\18f6722.h
  430   105  10  tv_02_18f6722_mbi.c
  385   148  14  tv_03_18f6722_key.c
 2229   257  24  ..\..\..\..\Program Files (x86)\PICC\Drivers\math.h
  154    63   6  tv_04_18f6722_8led_7doan.c
  422   199  18  tv_05_18f6722_lcd.c
  127    45   4  tv_05_i2c_ds13_pcf.c
   55    23   2  tv_06_18f6722_adc.c
   49    27   2  tv_09_i2c_at24cxx.c
   80    40   4  tv_ds18b20.c
  230    54   5  ..\..\..\..\Program Files (x86)\PICC\Drivers\touch.c
   64    35   3  tv_dht11.c
   40    38   3  tv_rotary_encoder.c
   30    18   2  tv_HX711.c
----- -----
 5423  1087 Total

Page ROM  %  RAM    Vol Diff  Functions:
---- --- --- ---    --- ----  ----------
0     38   1    1             @delay_ms1
0     36   1    0             @const725
0    124   2    0    629  2.4  set_up_port
0     28   0    4     57  1.6  xuat_1word
0     22   0    0     48  1.1  xuat_rbdc
0     42   1    3    106  2.1  xuat_lcd
0     44   1    3    106  2.1  xuat_glcd
0     52   1    0    152  1.8  xuat_3led_matran
0     56   1    2    162  4.4  xuat_8led_7doan
0     32   0    4    104  2.0  xuat_32led_don_2word
0     32   0    0    121  1.7  xoa_tat_ca_cac_module
0     56   1    4             @SFTOI
0     54   1    2             @ITOF
0    244   3   11             @MULFF
0    618   9   16             @ADDFF
0    346   5   14             @DIVFF
0    128   2    6    305  5.1  giaima_bin_2so_vitri_vn
0     40   1    3             @DIV88
0     66   1    5             @DIV1616
0     38   1    1    123  2.2  lcd_xuat_8bit
0     10   0    1     43  1.5  lcd_command
0     10   0    1     43  1.5  lcd_data
0     72   1    0    310  2.3  lcd_setup
0     24   0    0             @const1020
0     16   0    3    145  3.9  lcd_goto_xy
0     84   1    0             @const1030
0     34   0    2    131  3.5  lcd_khoi_tao_cgram_so_to
0      2   0    0             @const1134
0     40   1    3             @PSTRINGC_1013
0    200   3    7    289  5.5  h601_adc_read
0    220   3    4    130  2.7  float_to_ng_2so_tp
0     10   0    0             @const1217
0     22   0    0             @const1219
0    114   2    5    162  2.6  h601_adc_lm35a_doc_xuly
0    248   4    6    509  4.7  hienthi_lcd
0      2   0    0    219  2.7  @const1244
0     24   0    2     96  2.1  h601_adc_lm35a_ht_7doan
0    262   4    0    238  2.2  MAIN
0      6   0    0    121  3.7  @const1251
 Inline         0    106  3.6  @cinit1

Program metrics:
    Functions               25
    Statements              1087
    Comments                1138
    Volume (V)              8537
    Difficulty (D)          68.2
    Effort to implement (E) 581948
    Time to implement (T)   8 hours, 59 minutes
    Est Delivered Bugs (B)  2
    Cyclomatic Complexity   13
    Maintainability (MI)    37

 Segment     Used  Free
-----------  ----  ----
00000-00002     4  0  
00004-0FFFE  3496  62036  
10000-1FFFE     0  65536  



