Replace Part B? Buzzer in C:\Tri\HK 1 nam 4\TT micro\Project\Final\Altium design\FinalProject_PIC16F_VXL\Sheet1.SchDoc with Buzzer from BOYCODON_123.SchLib
Replace Part BT? BUTTON in C:\Tri\HK 1 nam 4\TT micro\Project\Final\Altium design\FinalProject_PIC16F_VXL\Sheet1.SchDoc with BUTTON from BOYCODON_123.SchLib
Replace Part BT? BUTTON in C:\Tri\HK 1 nam 4\TT micro\Project\Final\Altium design\FinalProject_PIC16F_VXL\Sheet1.SchDoc with BUTTON from BOYCODON_123.SchLib
Replace Part BT? BUTTON in C:\Tri\HK 1 nam 4\TT micro\Project\Final\Altium design\FinalProject_PIC16F_VXL\Sheet1.SchDoc with BUTTON from BOYCODON_123.SchLib
Replace Part BT? BUTTON in C:\Tri\HK 1 nam 4\TT micro\Project\Final\Altium design\FinalProject_PIC16F_VXL\Sheet1.SchDoc with BUTTON from BOYCODON_123.SchLib
Replace Part C? CAP CERAMIC in C:\Tri\HK 1 nam 4\TT micro\Project\Final\Altium design\FinalProject_PIC16F_VXL\Sheet1.SchDoc with CAP CERAMIC from BOYCODON_123.SchLib
Replace Part C? CAP CERAMIC in C:\Tri\HK 1 nam 4\TT micro\Project\Final\Altium design\FinalProject_PIC16F_VXL\Sheet1.SchDoc with CAP CERAMIC from BOYCODON_123.SchLib
Replace Part C? CAP100UF16V in C:\Tri\HK 1 nam 4\TT micro\Project\Final\Altium design\FinalProject_PIC16F_VXL\Sheet1.SchDoc with CAP100UF16V from BOYCODON_123.SchLib
Replace Part C? CAP 10UF25V in C:\Tri\HK 1 nam 4\TT micro\Project\Final\Altium design\FinalProject_PIC16F_VXL\Sheet1.SchDoc with CAP 10UF25V from BOYCODON_123.SchLib
Replace Part IC? LM35 in C:\Tri\HK 1 nam 4\TT micro\Project\Final\Altium design\FinalProject_PIC16F_VXL\Sheet1.SchDoc with LM35 from BOYCODON_123.SchLib
Replace Part JDC DCIN in C:\Tri\HK 1 nam 4\TT micro\Project\Final\Altium design\FinalProject_PIC16F_VXL\Sheet1.SchDoc with DCIN from BOYCODON_123.SchLib
Replace Part L? Led Blue in C:\Tri\HK 1 nam 4\TT micro\Project\Final\Altium design\FinalProject_PIC16F_VXL\Sheet1.SchDoc with Led Blue from BOYCODON_123.SchLib
Replace Part LCD? LCD16x2A in C:\Tri\HK 1 nam 4\TT micro\Project\Final\Altium design\FinalProject_PIC16F_VXL\Sheet1.SchDoc with LCD16x2A from BOYCODON_123.SchLib
Replace Part Q? TRANS_NPN_C1815 in C:\Tri\HK 1 nam 4\TT micro\Project\Final\Altium design\FinalProject_PIC16F_VXL\Sheet1.SchDoc with TRANS_NPN_C1815 from BOYCODON_123.SchLib
Replace Part R? Res in C:\Tri\HK 1 nam 4\TT micro\Project\Final\Altium design\FinalProject_PIC16F_VXL\Sheet1.SchDoc with Res from BOYCODON_123.SchLib
Replace Part R? Res in C:\Tri\HK 1 nam 4\TT micro\Project\Final\Altium design\FinalProject_PIC16F_VXL\Sheet1.SchDoc with Res from BOYCODON_123.SchLib
Replace Part R? Res in C:\Tri\HK 1 nam 4\TT micro\Project\Final\Altium design\FinalProject_PIC16F_VXL\Sheet1.SchDoc with Res from BOYCODON_123.SchLib
Replace Part R? Res in C:\Tri\HK 1 nam 4\TT micro\Project\Final\Altium design\FinalProject_PIC16F_VXL\Sheet1.SchDoc with Res from BOYCODON_123.SchLib
Replace Part R? Res in C:\Tri\HK 1 nam 4\TT micro\Project\Final\Altium design\FinalProject_PIC16F_VXL\Sheet1.SchDoc with Res from BOYCODON_123.SchLib
Replace Part R? Pot in C:\Tri\HK 1 nam 4\TT micro\Project\Final\Altium design\FinalProject_PIC16F_VXL\Sheet1.SchDoc with Pot from BOYCODON_123.SchLib
Replace Part R? Res in C:\Tri\HK 1 nam 4\TT micro\Project\Final\Altium design\FinalProject_PIC16F_VXL\Sheet1.SchDoc with Res from BOYCODON_123.SchLib
Replace Part R? Res in C:\Tri\HK 1 nam 4\TT micro\Project\Final\Altium design\FinalProject_PIC16F_VXL\Sheet1.SchDoc with Res from BOYCODON_123.SchLib
Replace Part U? PIC16F887A in C:\Tri\HK 1 nam 4\TT micro\Project\Final\Altium design\FinalProject_PIC16F_VXL\Sheet1.SchDoc with PIC16F887A from BOYCODON_123.SchLib
Replace Part XTAL? CRYSTAL in C:\Tri\HK 1 nam 4\TT micro\Project\Final\Altium design\FinalProject_PIC16F_VXL\Sheet1.SchDoc with CRYSTAL from BOYCODON_123.SchLib
