Replace Part B1 Buzzer in C:\Tri\HK 1 nam 4\TT micro\Project\Final\Altium design\FinalProject_PIC16F_VXL\Sheet1.SchDoc with Buzzer from BOYCODON_123.SchLib
Replace Part BT1 BUTTON in C:\Tri\HK 1 nam 4\TT micro\Project\Final\Altium design\FinalProject_PIC16F_VXL\Sheet1.SchDoc with BUTTON from BOYCODON_123.SchLib
Replace Part BT2 BUTTON in C:\Tri\HK 1 nam 4\TT micro\Project\Final\Altium design\FinalProject_PIC16F_VXL\Sheet1.SchDoc with BUTTON from BOYCODON_123.SchLib
Replace Part BT3 BUTTON in C:\Tri\HK 1 nam 4\TT micro\Project\Final\Altium design\FinalProject_PIC16F_VXL\Sheet1.SchDoc with BUTTON from BOYCODON_123.SchLib
Replace Part BT4 BUTTON in C:\Tri\HK 1 nam 4\TT micro\Project\Final\Altium design\FinalProject_PIC16F_VXL\Sheet1.SchDoc with BUTTON from BOYCODON_123.SchLib
Replace Part C4 CAP 10UF25V in C:\Tri\HK 1 nam 4\TT micro\Project\Final\Altium design\FinalProject_PIC16F_VXL\Sheet1.SchDoc with CAP 10UF25V from BOYCODON_123.SchLib
Replace Part C5 CAP CERAMIC in C:\Tri\HK 1 nam 4\TT micro\Project\Final\Altium design\FinalProject_PIC16F_VXL\Sheet1.SchDoc with CAP CERAMIC from BOYCODON_123.SchLib
Replace Part C6 CAP CERAMIC in C:\Tri\HK 1 nam 4\TT micro\Project\Final\Altium design\FinalProject_PIC16F_VXL\Sheet1.SchDoc with CAP CERAMIC from BOYCODON_123.SchLib
Replace Part C7 CAP100UF16V in C:\Tri\HK 1 nam 4\TT micro\Project\Final\Altium design\FinalProject_PIC16F_VXL\Sheet1.SchDoc with CAP100UF16V from BOYCODON_123.SchLib
Replace Part IC2 LM35 in C:\Tri\HK 1 nam 4\TT micro\Project\Final\Altium design\FinalProject_PIC16F_VXL\Sheet1.SchDoc with LM35 from BOYCODON_123.SchLib
Replace Part JDC DCIN in C:\Tri\HK 1 nam 4\TT micro\Project\Final\Altium design\FinalProject_PIC16F_VXL\Sheet1.SchDoc with DCIN from BOYCODON_123.SchLib
Replace Part L1 Led Blue in C:\Tri\HK 1 nam 4\TT micro\Project\Final\Altium design\FinalProject_PIC16F_VXL\Sheet1.SchDoc with Led Blue from BOYCODON_123.SchLib
Replace Part LCD2 LCD16x2A in C:\Tri\HK 1 nam 4\TT micro\Project\Final\Altium design\FinalProject_PIC16F_VXL\Sheet1.SchDoc with LCD16x2A from BOYCODON_123.SchLib
Replace Part Q2 TRANS_NPN_C1815 in C:\Tri\HK 1 nam 4\TT micro\Project\Final\Altium design\FinalProject_PIC16F_VXL\Sheet1.SchDoc with TRANS_NPN_C1815 from BOYCODON_123.SchLib
Replace Part R8 Res in C:\Tri\HK 1 nam 4\TT micro\Project\Final\Altium design\FinalProject_PIC16F_VXL\Sheet1.SchDoc with Res from BOYCODON_123.SchLib
Replace Part R9 Res in C:\Tri\HK 1 nam 4\TT micro\Project\Final\Altium design\FinalProject_PIC16F_VXL\Sheet1.SchDoc with Res from BOYCODON_123.SchLib
Replace Part R10 Res in C:\Tri\HK 1 nam 4\TT micro\Project\Final\Altium design\FinalProject_PIC16F_VXL\Sheet1.SchDoc with Res from BOYCODON_123.SchLib
Replace Part R11 Res in C:\Tri\HK 1 nam 4\TT micro\Project\Final\Altium design\FinalProject_PIC16F_VXL\Sheet1.SchDoc with Res from BOYCODON_123.SchLib
Replace Part R12 Res in C:\Tri\HK 1 nam 4\TT micro\Project\Final\Altium design\FinalProject_PIC16F_VXL\Sheet1.SchDoc with Res from BOYCODON_123.SchLib
Replace Part R13 Pot in C:\Tri\HK 1 nam 4\TT micro\Project\Final\Altium design\FinalProject_PIC16F_VXL\Sheet1.SchDoc with Pot from BOYCODON_123.SchLib
Replace Part R14 Res in C:\Tri\HK 1 nam 4\TT micro\Project\Final\Altium design\FinalProject_PIC16F_VXL\Sheet1.SchDoc with Res from BOYCODON_123.SchLib
Replace Part R15 Res in C:\Tri\HK 1 nam 4\TT micro\Project\Final\Altium design\FinalProject_PIC16F_VXL\Sheet1.SchDoc with Res from BOYCODON_123.SchLib
Replace Part U2 PIC16F887A in C:\Tri\HK 1 nam 4\TT micro\Project\Final\Altium design\FinalProject_PIC16F_VXL\Sheet1.SchDoc with PIC16F887A from BOYCODON_123.SchLib
Replace Part XTAL1 CRYSTAL in C:\Tri\HK 1 nam 4\TT micro\Project\Final\Altium design\FinalProject_PIC16F_VXL\Sheet1.SchDoc with CRYSTAL from BOYCODON_123.SchLib
