
ROM used:   1217/8192 (15%)
            1217/8192 (15%) including unused fragments

            0.4 Average locations per line
            3.0 Average locations per statement

RAM used:   18/368 (5%) at main() level
            32/368 (9%) worst case

Stack used: 0 worst case (0 in main + 0 for interrupts)
Stack size: 8

Lines Stmts  %   Files
----- ----- ---  -----
  106    58  14  main.c
   17     0   0  main.h
  708     0   0  ..\..\..\..\..\..\..\Program Files (x86)\PICC\Devices\16F877A.h
  249    88  22  lcd.h
 2228   258  64  ..\..\..\..\..\..\..\Program Files (x86)\PICC\Drivers\math.h
----- -----
 3308   404 Total

Page ROM  %  RAM    Vol Diff  Functions:
---- --- --- ---    --- ----  ----------
0     33   3    4             @SFTOI
0     31   3    2             @ITOF
0    119  10   13             @MULFF
0    204  17   14             @DIVFF
0     20   2    1             @delay_ms2
0      8   1    0             @const863
0     58   5    2    594  4.3  lcd_init
 Inline         3    620  3.8  lcd_read_byte
0     49   4    2    204  3.2  lcd_read_nibble
0     87   7    3    313  3.4  lcd_send_byte
0     46   4    1    336  1.9  lcd_send_nibble
0     35   3    4    335  5.5  lcd_gotoxy
0     36   3    1    282  3.5  lcd_putc
0    165  14   10    687  5.6  MAIN
0      5   0    0             @const883
0     87   7    5             @PSTRINGCN7_860
0     21   2    3             @DIV88
0     87   7    6             @PRINTF_D_860
0     85   7    1    579  5.6  Edit_baodong
0      5   0    0             @const892
0     32   3    2    202  3.6  Delay_va_kiem_tra_phim
 Inline         0             @cinit1

Program metrics:
    Functions               10
    Statements              404
    Comments                547
    Volume (V)              6602
    Difficulty (D)          39.4
    Effort to implement (E) 259982
    Time to implement (T)   4 hours, 1 minutes
    Est Delivered Bugs (B)  1
    Cyclomatic Complexity   19
    Maintainability (MI)    32

 Segment     Used  Free
-----------  ----  ----
00000-00003     4  0  
00004-007FF  1213  831  
00800-00FFF     0  2048  
01000-017FF     0  2048  
01800-01FFF     0  2048  



